<?xml version="1.0" encoding="UTF-8"?>
<!-- Generated by org.testng.reporters.JUnitXMLReporter -->
<testsuite ignored="2" hostname="VikasInder" failures="0" tests="2" name="ChromeTest" time="28.386" errors="0" timestamp="2025-11-19T10:02:51 EST">
  <testcase classname="TestScripts.CollectionsGenricandNongeneric" name="arrayCheck" time="0.047"/>
  <testcase classname="TestScripts.CollectionsGenricandNongeneric" name="arrayListCheck" time="0.004"/>
  <testcase classname="Day1.BaseClass_BrowserSetup" name="@BeforeSuite loadConfig" time="0.0">
    <ignored/>
  </testcase> <!-- @BeforeSuite loadConfig -->
  <testcase classname="Day1.BaseClass_BrowserSetup" name="@AfterSuite afterSuite" time="0.0">
    <ignored/>
  </testcase> <!-- @AfterSuite afterSuite -->
</testsuite> <!-- ChromeTest -->
