<?xml version="1.0" encoding="UTF-8"?>
<!-- Generated by org.testng.reporters.JUnitXMLReporter -->
<testsuite ignored="2" hostname="VikasInder" failures="0" tests="2" name="ChromeTest2" time="9.786" errors="0" timestamp="2025-10-26T16:11:22 EDT">
  <testcase classname="TestScripts.TestScriptsDay1" name="Test1_checkClickThroughJavascript1" time="1.768"/>
  <testcase classname="TestScripts.TestScriptsDay2" name="Test1_checkClickThroughJavascript1" time="1.691"/>
  <testcase classname="Day1.BaseClass_BrowserSetup" name="@AfterSuite afterSuite" time="0.0">
    <ignored/>
  </testcase> <!-- @AfterSuite afterSuite -->
  <testcase classname="Day1.BaseClass_BrowserSetup" name="@BeforeSuite loadConfig" time="0.0">
    <ignored/>
  </testcase> <!-- @BeforeSuite loadConfig -->
</testsuite> <!-- ChromeTest2 -->
