<?xml version="1.0" encoding="UTF-8"?>
<testng-results ignored="0" total="2" passed="2" failed="0" skipped="0">
  <reporter-output>
  </reporter-output>
  <suite started-at="2025-11-19T10:02:23 EST" name="CrossBrowserTest" finished-at="2025-11-19T10:02:51 EST" duration-ms="28386">
    <groups>
    </groups>
    <test started-at="2025-11-19T10:02:23 EST" name="ChromeTest" finished-at="2025-11-19T10:02:51 EST" duration-ms="28386">
      <class name="TestScripts.CollectionsGenricandNongeneric">
        <test-method is-config="true" signature="loadConfig()[pri:0, instance:TestScripts.CollectionsGenricandNongeneric@41d426b5]" started-at="2025-11-19T10:02:23 EST" name="loadConfig" finished-at="2025-11-19T10:02:23 EST" duration-ms="21" status="PASS">
          <reporter-output>
          </reporter-output>
        </test-method> <!-- loadConfig -->
        <test-method is-config="true" signature="browserSetUp(java.lang.String,java.lang.String,java.lang.String,java.lang.String)[pri:0, instance:TestScripts.CollectionsGenricandNongeneric@41d426b5]" started-at="2025-11-19T10:02:23 EST" name="browserSetUp" finished-at="2025-11-19T10:02:43 EST" duration-ms="20408" status="PASS">
          <params>
            <param index="0">
              <value>
                <![CDATA[chrome]]>
              </value>
            </param>
            <param index="1">
              <value>
                <![CDATA[PROD]]>
              </value>
            </param>
            <param index="2">
              <value>
                <![CDATA[browserstack]]>
              </value>
            </param>
            <param index="3">
              <value>
                <![CDATA[windows]]>
              </value>
            </param>
          </params>
          <reporter-output>
          </reporter-output>
        </test-method> <!-- browserSetUp -->
        <test-method signature="arrayCheck()[pri:0, instance:TestScripts.CollectionsGenricandNongeneric@41d426b5]" started-at="2025-11-19T10:02:43 EST" name="arrayCheck" finished-at="2025-11-19T10:02:43 EST" duration-ms="47" status="PASS">
          <reporter-output>
          </reporter-output>
        </test-method> <!-- arrayCheck -->
        <test-method is-config="true" signature="tearDown()[pri:0, instance:TestScripts.CollectionsGenricandNongeneric@41d426b5]" started-at="2025-11-19T10:02:43 EST" name="tearDown" finished-at="2025-11-19T10:02:44 EST" duration-ms="857" status="PASS">
          <reporter-output>
          </reporter-output>
        </test-method> <!-- tearDown -->
        <test-method is-config="true" signature="browserSetUp(java.lang.String,java.lang.String,java.lang.String,java.lang.String)[pri:0, instance:TestScripts.CollectionsGenricandNongeneric@41d426b5]" started-at="2025-11-19T10:02:44 EST" name="browserSetUp" finished-at="2025-11-19T10:02:50 EST" duration-ms="6184" status="PASS">
          <params>
            <param index="0">
              <value>
                <![CDATA[chrome]]>
              </value>
            </param>
            <param index="1">
              <value>
                <![CDATA[PROD]]>
              </value>
            </param>
            <param index="2">
              <value>
                <![CDATA[browserstack]]>
              </value>
            </param>
            <param index="3">
              <value>
                <![CDATA[windows]]>
              </value>
            </param>
          </params>
          <reporter-output>
          </reporter-output>
        </test-method> <!-- browserSetUp -->
        <test-method signature="arrayListCheck()[pri:0, instance:TestScripts.CollectionsGenricandNongeneric@41d426b5]" started-at="2025-11-19T10:02:50 EST" name="arrayListCheck" finished-at="2025-11-19T10:02:50 EST" duration-ms="4" status="PASS">
          <reporter-output>
          </reporter-output>
        </test-method> <!-- arrayListCheck -->
        <test-method is-config="true" signature="tearDown()[pri:0, instance:TestScripts.CollectionsGenricandNongeneric@41d426b5]" started-at="2025-11-19T10:02:50 EST" name="tearDown" finished-at="2025-11-19T10:02:51 EST" duration-ms="732" status="PASS">
          <reporter-output>
          </reporter-output>
        </test-method> <!-- tearDown -->
        <test-method is-config="true" signature="afterSuite()[pri:0, instance:TestScripts.CollectionsGenricandNongeneric@41d426b5]" started-at="2025-11-19T10:02:51 EST" name="afterSuite" finished-at="2025-11-19T10:02:51 EST" duration-ms="0" status="PASS">
          <reporter-output>
          </reporter-output>
        </test-method> <!-- afterSuite -->
      </class> <!-- TestScripts.CollectionsGenricandNongeneric -->
    </test> <!-- ChromeTest -->
  </suite> <!-- CrossBrowserTest -->
</testng-results>
