<?xml version="1.0" encoding="UTF-8"?>
<!-- Generated by org.testng.reporters.JUnitReportReporter -->
<testsuite hostname="VikasInder" failures="0" tests="2" name="TestScripts.CollectionsGenricandNongeneric" time="14.295" errors="0" timestamp="2025-11-13T11:20:08 EST" skipped="0">
  <testcase classname="TestScripts.CollectionsGenricandNongeneric" name="arrayCheck" time="6.350"/>
  <testcase classname="TestScripts.CollectionsGenricandNongeneric" name="arrayListCheck" time="7.945"/>
</testsuite> <!-- TestScripts.CollectionsGenricandNongeneric -->
