<?xml version="1.0" encoding="UTF-8"?>
<!-- Generated by org.testng.reporters.JUnitReportReporter -->
<testsuite hostname="VikasInder" failures="0" tests="2" name="TestScripts.Day5ParentChildRealtionship" time="9.619" errors="0" timestamp="2025-11-04T08:42:29 EST" skipped="0">
  <testcase classname="TestScripts.Day5ParentChildRealtionship" name="checkParentChildRealtionship" time="2.796"/>
  <testcase classname="TestScripts.Day5ParentChildRealtionship" name="simpleActionClassDoubleClick" time="6.823"/>
</testsuite> <!-- TestScripts.Day5ParentChildRealtionship -->
