<?xml version="1.0" encoding="UTF-8"?>
<!-- Generated by org.testng.reporters.JUnitReportReporter -->
<testsuite hostname="VikasInder" failures="0" tests="2" name="TestScripts.CollectionsGenricandNongeneric" time="28.232" errors="0" timestamp="2025-11-19T10:02:51 EST" skipped="0">
  <testcase classname="TestScripts.CollectionsGenricandNongeneric" name="arrayCheck" time="21.187"/>
  <testcase classname="TestScripts.CollectionsGenricandNongeneric" name="arrayListCheck" time="7.045"/>
</testsuite> <!-- TestScripts.CollectionsGenricandNongeneric -->
